<?xml version="1.0" encoding="UTF-8"?>
<robot generator="Robot 3.1.2 (Python 3.8.6 on win32)" generated="20201220 01:07:47.248" rpa="false">
<suite id="s1" name="ProjetAutomationPractice" source="C:\Users\vincent\Desktop\RobotFramework\projets\ProjetAutomationPractice">
<suite id="s1-s1" name="TestCases" source="C:\Users\vincent\Desktop\RobotFramework\projets\ProjetAutomationPractice\TestCases.robot">
<test id="s1-s1-t1" name="Purchase of 2 items">
<kw name="OpenPraticeURL" library="KeywordsSheet" type="setup">
<kw name="Open Browser" library="SeleniumLibrary">
<doc>Opens a new browser instance to the optional ``url``.</doc>
<arguments>
<arg>${URl}</arg>
<arg>chrome</arg>
</arguments>
<msg timestamp="20201220 01:07:48.044" level="INFO">Opening browser 'chrome' to base url 'http://automationpractice.com/index.php'.</msg>
<status status="PASS" starttime="20201220 01:07:48.044" endtime="20201220 01:07:55.688"></status>
</kw>
<status status="PASS" starttime="20201220 01:07:48.044" endtime="20201220 01:07:55.689"></status>
</kw>
<kw name="Initialise Email Data" library="KeywordsSheet">
<kw name="Email" library="FakerLibrary">
<assign>
<var>${email}</var>
</assign>
<msg timestamp="20201220 01:07:55.693" level="INFO">${email} = frivera@hotmail.com</msg>
<status status="PASS" starttime="20201220 01:07:55.691" endtime="20201220 01:07:55.693"></status>
</kw>
<kw name="Set Test Variable" library="BuiltIn">
<doc>Makes a variable available everywhere within the scope of the current test.</doc>
<arguments>
<arg>${email}</arg>
</arguments>
<msg timestamp="20201220 01:07:55.694" level="INFO">${email} = frivera@hotmail.com</msg>
<status status="PASS" starttime="20201220 01:07:55.693" endtime="20201220 01:07:55.694"></status>
</kw>
<status status="PASS" starttime="20201220 01:07:55.690" endtime="20201220 01:07:55.694"></status>
</kw>
<kw name="Login to my account" library="KeywordsSheet">
<kw name="Click Element" library="SeleniumLibrary">
<doc>Click the element identified by ``locator``.</doc>
<arguments>
<arg>xpath=${mainPageSignInButton}</arg>
</arguments>
<msg timestamp="20201220 01:07:55.695" level="INFO">Clicking element 'xpath=//a[@class="login"]'.</msg>
<status status="PASS" starttime="20201220 01:07:55.695" endtime="20201220 01:07:57.444"></status>
</kw>
<kw name="Wait Until Element Is Visible" library="SeleniumLibrary">
<doc>Waits until the element ``locator`` is visible.</doc>
<arguments>
<arg>${authenticationNewEmail}</arg>
</arguments>
<status status="PASS" starttime="20201220 01:07:57.444" endtime="20201220 01:07:57.485"></status>
</kw>
<kw name="Input Text" library="SeleniumLibrary">
<doc>Types the given ``text`` into the text field identified by ``locator``.</doc>
<arguments>
<arg>${authenticationExistingEmail}</arg>
<arg>${userValid}[Email]</arg>
</arguments>
<msg timestamp="20201220 01:07:57.485" level="INFO">Typing text 'test@test.lu' into text field 'xpath=//*[@id="email"]'.</msg>
<status status="PASS" starttime="20201220 01:07:57.485" endtime="20201220 01:07:57.599"></status>
</kw>
<kw name="Input Text" library="SeleniumLibrary">
<doc>Types the given ``text`` into the text field identified by ``locator``.</doc>
<arguments>
<arg>${authenticationExistinPassword}</arg>
<arg>${userValid}[Password]</arg>
</arguments>
<msg timestamp="20201220 01:07:57.600" level="INFO">Typing text '123123' into text field 'xpath=//*[@id="passwd"]'.</msg>
<status status="PASS" starttime="20201220 01:07:57.599" endtime="20201220 01:07:57.745"></status>
</kw>
<kw name="Click Element" library="SeleniumLibrary">
<doc>Click the element identified by ``locator``.</doc>
<arguments>
<arg>${authenticationSubmitExistingAcc}</arg>
</arguments>
<msg timestamp="20201220 01:07:57.746" level="INFO">Clicking element '//*[@id="SubmitLogin"]'.</msg>
<status status="PASS" starttime="20201220 01:07:57.745" endtime="20201220 01:07:59.215"></status>
</kw>
<status status="PASS" starttime="20201220 01:07:55.695" endtime="20201220 01:07:59.216"></status>
</kw>
<kw name="I displayed all women clothes" library="KeywordsSheet">
<kw name="Set Selenium Timeout" library="SeleniumLibrary">
<doc>Sets the timeout that is used by various keywords.</doc>
<arguments>
<arg>15</arg>
</arguments>
<status status="PASS" starttime="20201220 01:07:59.218" endtime="20201220 01:07:59.220"></status>
</kw>
<kw name="Click Element" library="SeleniumLibrary">
<doc>Click the element identified by ``locator``.</doc>
<arguments>
<arg>${mainWomenButton}</arg>
</arguments>
<msg timestamp="20201220 01:07:59.221" level="INFO">Clicking element '//*[@class="sf-with-ul" and text()="Women"]'.</msg>
<status status="PASS" starttime="20201220 01:07:59.220" endtime="20201220 01:08:01.237"></status>
</kw>
<kw name="Wait Until Element Is Visible" library="SeleniumLibrary">
<doc>Waits until the element ``locator`` is visible.</doc>
<arguments>
<arg>${mainCountofItems}</arg>
</arguments>
<status status="PASS" starttime="20201220 01:08:01.237" endtime="20201220 01:08:01.274"></status>
</kw>
<status status="PASS" starttime="20201220 01:07:59.217" endtime="20201220 01:08:01.274"></status>
</kw>
<kw name="I select the first women item" library="KeywordsSheet">
<kw name="Click Element" library="SeleniumLibrary">
<doc>Click the element identified by ``locator``.</doc>
<arguments>
<arg>${firstItemsDisplayedAddCard}</arg>
</arguments>
<msg timestamp="20201220 01:08:01.276" level="INFO">Clicking element '//*[@data-id-product="1"]'.</msg>
<status status="PASS" starttime="20201220 01:08:01.275" endtime="20201220 01:08:01.331"></status>
</kw>
<status status="PASS" starttime="20201220 01:08:01.275" endtime="20201220 01:08:01.332"></status>
</kw>
<kw name="I continue my Shopping" library="KeywordsSheet">
<kw name="Wait Until Element Is Visible" library="SeleniumLibrary">
<doc>Waits until the element ``locator`` is visible.</doc>
<arguments>
<arg>${cardContinueShopping}</arg>
</arguments>
<status status="PASS" starttime="20201220 01:08:01.333" endtime="20201220 01:08:02.302"></status>
</kw>
<kw name="Click Element" library="SeleniumLibrary">
<doc>Click the element identified by ``locator``.</doc>
<arguments>
<arg>${cardContinueShopping}</arg>
</arguments>
<msg timestamp="20201220 01:08:02.303" level="INFO">Clicking element '//*[@title="Continue shopping"]'.</msg>
<status status="PASS" starttime="20201220 01:08:02.302" endtime="20201220 01:08:02.368"></status>
</kw>
<status status="PASS" starttime="20201220 01:08:01.332" endtime="20201220 01:08:02.369"></status>
</kw>
<kw name="I select the second women item" library="KeywordsSheet">
<kw name="Click Element" library="SeleniumLibrary">
<doc>Click the element identified by ``locator``.</doc>
<arguments>
<arg>${SecondItemsDisplayedAddCard}</arg>
</arguments>
<msg timestamp="20201220 01:08:02.370" level="INFO">Clicking element '//*[@data-id-product="2"]'.</msg>
<status status="PASS" starttime="20201220 01:08:02.369" endtime="20201220 01:08:02.452"></status>
</kw>
<status status="PASS" starttime="20201220 01:08:02.369" endtime="20201220 01:08:02.453"></status>
</kw>
<kw name="I will proceed to checkout" library="KeywordsSheet">
<kw name="Wait Until Element Is Visible" library="SeleniumLibrary">
<doc>Waits until the element ``locator`` is visible.</doc>
<arguments>
<arg>${cardProceedToPayment}</arg>
</arguments>
<status status="PASS" starttime="20201220 01:08:02.454" endtime="20201220 01:08:02.497"></status>
</kw>
<kw name="Click Element" library="SeleniumLibrary">
<doc>Click the element identified by ``locator``.</doc>
<arguments>
<arg>${cardProceedToPayment}</arg>
</arguments>
<msg timestamp="20201220 01:08:02.498" level="INFO">Clicking element '//*[@title="Proceed to checkout"]'.</msg>
<status status="PASS" starttime="20201220 01:08:02.498" endtime="20201220 01:08:04.054"></status>
</kw>
<kw name="Wait Until Element Is Visible" library="SeleniumLibrary">
<doc>Waits until the element ``locator`` is visible.</doc>
<arguments>
<arg>${checkPaymentSummaryPage}</arg>
</arguments>
<status status="PASS" starttime="20201220 01:08:04.054" endtime="20201220 01:08:04.088"></status>
</kw>
<kw name="Click Element" library="SeleniumLibrary">
<doc>Click the element identified by ``locator``.</doc>
<arguments>
<arg>${proceedToCheckout}</arg>
</arguments>
<msg timestamp="20201220 01:08:04.089" level="INFO">Clicking element '//*[@class="button btn btn-default standard-checkout button-medium"]'.</msg>
<status status="PASS" starttime="20201220 01:08:04.089" endtime="20201220 01:08:05.042"></status>
</kw>
<kw name="Click Element" library="SeleniumLibrary">
<doc>Click the element identified by ``locator``.</doc>
<arguments>
<arg>${proceedAdresse}</arg>
</arguments>
<msg timestamp="20201220 01:08:05.043" level="INFO">Clicking element '//*[@class="button btn btn-default button-medium"]'.</msg>
<status status="PASS" starttime="20201220 01:08:05.042" endtime="20201220 01:08:06.261"></status>
</kw>
<kw name="Click Element" library="SeleniumLibrary">
<doc>Click the element identified by ``locator``.</doc>
<arguments>
<arg>${acceptGt&amp;c}</arg>
</arguments>
<msg timestamp="20201220 01:08:06.262" level="INFO">Clicking element '//*[@id="cgv"]'.</msg>
<status status="PASS" starttime="20201220 01:08:06.262" endtime="20201220 01:08:06.320"></status>
</kw>
<kw name="Click Element" library="SeleniumLibrary">
<doc>Click the element identified by ``locator``.</doc>
<arguments>
<arg>${proceedShipping}</arg>
</arguments>
<msg timestamp="20201220 01:08:06.322" level="INFO">Clicking element '//*[@class="button btn btn-default standard-checkout button-medium"]'.</msg>
<status status="PASS" starttime="20201220 01:08:06.321" endtime="20201220 01:08:07.467"></status>
</kw>
<kw name="Wait Until Page Contains" library="SeleniumLibrary">
<doc>Waits until ``text`` appears on the current page.</doc>
<arguments>
<arg>Please choose your payment method</arg>
</arguments>
<status status="PASS" starttime="20201220 01:08:07.468" endtime="20201220 01:08:07.481"></status>
</kw>
<kw name="Click Element" library="SeleniumLibrary">
<doc>Click the element identified by ``locator``.</doc>
<arguments>
<arg>${buttonPaymentBycheck}</arg>
</arguments>
<msg timestamp="20201220 01:08:07.482" level="INFO">Clicking element '//*[@class="cheque"]'.</msg>
<status status="PASS" starttime="20201220 01:08:07.482" endtime="20201220 01:08:08.394"></status>
</kw>
<kw name="Click Element" library="SeleniumLibrary">
<doc>Click the element identified by ``locator``.</doc>
<arguments>
<arg>${confirmMyOrder}</arg>
</arguments>
<msg timestamp="20201220 01:08:08.395" level="INFO">Clicking element '//*[@class="button btn btn-default button-medium"]'.</msg>
<status status="PASS" starttime="20201220 01:08:08.395" endtime="20201220 01:08:10.049"></status>
</kw>
<status status="PASS" starttime="20201220 01:08:02.453" endtime="20201220 01:08:10.049"></status>
</kw>
<tags>
<tag>Regression tests</tag>
<tag>Requirements P.1</tag>
</tags>
<status status="PASS" starttime="20201220 01:07:48.043" endtime="20201220 01:08:10.049" critical="yes"></status>
</test>
<status status="PASS" starttime="20201220 01:07:47.299" endtime="20201220 01:08:10.050"></status>
</suite>
<status status="PASS" starttime="20201220 01:07:47.277" endtime="20201220 01:08:10.052"></status>
</suite>
<statistics>
<total>
<stat pass="1" fail="0">Critical Tests</stat>
<stat pass="1" fail="0">All Tests</stat>
</total>
<tag>
<stat pass="1" fail="0">Regression tests</stat>
<stat pass="1" fail="0">Requirements P.1</stat>
</tag>
<suite>
<stat pass="1" fail="0" id="s1" name="ProjetAutomationPractice">ProjetAutomationPractice</stat>
<stat pass="1" fail="0" id="s1-s1" name="TestCases">ProjetAutomationPractice.TestCases</stat>
</suite>
</statistics>
<errors>
<msg timestamp="20201220 01:07:47.504" level="WARN">Collapsing consecutive whitespace during parsing is deprecated. Fix ' Login using an invalid account' in file 'C:\Users\vincent\Desktop\RobotFramework\projets\ProjetAutomationPractice\Ressources\KeywordsSheet.resource' on line 69.</msg>
</errors>
</robot>
